2019-09-12T07:42:27+00:00 INFO Queuing 3.1.0 - wc_update_310_downloadable_products
2019-09-12T07:42:27+00:00 INFO Queuing 3.1.0 - wc_update_310_old_comments
2019-09-12T07:42:27+00:00 INFO Queuing 3.1.0 - wc_update_310_db_version
2019-09-12T07:42:27+00:00 INFO Queuing 3.1.2 - wc_update_312_shop_manager_capabilities
2019-09-12T07:42:27+00:00 INFO Queuing 3.1.2 - wc_update_312_db_version
2019-09-12T07:42:27+00:00 INFO Queuing 3.2.0 - wc_update_320_mexican_states
2019-09-12T07:42:27+00:00 INFO Queuing 3.2.0 - wc_update_320_db_version
2019-09-12T07:42:28+00:00 INFO Running wc_update_310_downloadable_products callback
2019-09-12T07:42:28+00:00 INFO Finished wc_update_310_downloadable_products callback
2019-09-12T07:42:28+00:00 INFO Running wc_update_310_old_comments callback
2019-09-12T07:42:28+00:00 INFO Finished wc_update_310_old_comments callback
2019-09-12T07:42:28+00:00 INFO Running wc_update_310_db_version callback
2019-09-12T07:42:28+00:00 INFO Finished wc_update_310_db_version callback
2019-09-12T07:42:28+00:00 INFO Running wc_update_312_shop_manager_capabilities callback
2019-09-12T07:42:28+00:00 INFO Finished wc_update_312_shop_manager_capabilities callback
2019-09-12T07:42:28+00:00 INFO Running wc_update_312_db_version callback
2019-09-12T07:42:28+00:00 INFO Finished wc_update_312_db_version callback
2019-09-12T07:42:28+00:00 INFO Running wc_update_320_mexican_states callback
2019-09-12T07:42:28+00:00 INFO Finished wc_update_320_mexican_states callback
2019-09-12T07:42:28+00:00 INFO Running wc_update_320_db_version callback
2019-09-12T07:42:28+00:00 INFO Finished wc_update_320_db_version callback
2019-09-12T07:42:28+00:00 INFO Data update complete
2019-09-19T05:45:30+00:00 INFO Queuing 3.1.0 - wc_update_310_downloadable_products
2019-09-19T05:45:30+00:00 INFO Queuing 3.1.0 - wc_update_310_old_comments
2019-09-19T05:45:30+00:00 INFO Queuing 3.1.0 - wc_update_310_db_version
2019-09-19T05:45:30+00:00 INFO Queuing 3.1.2 - wc_update_312_shop_manager_capabilities
2019-09-19T05:45:30+00:00 INFO Queuing 3.1.2 - wc_update_312_db_version
2019-09-19T05:45:30+00:00 INFO Queuing 3.2.0 - wc_update_320_mexican_states
2019-09-19T05:45:30+00:00 INFO Queuing 3.2.0 - wc_update_320_db_version
2019-09-19T05:45:31+00:00 INFO Running wc_update_310_downloadable_products callback
2019-09-19T05:45:31+00:00 INFO Finished wc_update_310_downloadable_products callback
2019-09-19T05:45:31+00:00 INFO Running wc_update_310_old_comments callback
2019-09-19T05:45:31+00:00 INFO Finished wc_update_310_old_comments callback
2019-09-19T05:45:31+00:00 INFO Running wc_update_310_db_version callback
2019-09-19T05:45:31+00:00 INFO Finished wc_update_310_db_version callback
2019-09-19T05:45:31+00:00 INFO Running wc_update_312_shop_manager_capabilities callback
2019-09-19T05:45:31+00:00 INFO Finished wc_update_312_shop_manager_capabilities callback
2019-09-19T05:45:31+00:00 INFO Running wc_update_312_db_version callback
2019-09-19T05:45:31+00:00 INFO Finished wc_update_312_db_version callback
2019-09-19T05:45:31+00:00 INFO Running wc_update_320_mexican_states callback
2019-09-19T05:45:31+00:00 INFO Finished wc_update_320_mexican_states callback
2019-09-19T05:45:31+00:00 INFO Running wc_update_320_db_version callback
2019-09-19T05:45:31+00:00 INFO Finished wc_update_320_db_version callback
2019-09-19T05:45:31+00:00 INFO Data update complete
